"D:/Projects/Arena/Content/AnimStarterPack/UE4_Mannequin/Mesh/UE4_Mannequin_Skeleton.uasset" 0
"D:/Projects/Arena/Content/AnimStarterPack/Aim_Space_Hip.uasset" 1
"D:/Projects/Arena/Content/AnimStarterPack/Aim_Space_Ironsights.uasset" 2
"D:/Projects/Arena/Content/AnimStarterPack/Crouch_to_Stand_Rifle_Hip.uasset" 3
"D:/Projects/Arena/Content/AnimStarterPack/Crouch_to_Stand_Rifle_Ironsights.uasset" 4
"D:/Projects/Arena/Content/AnimStarterPack/Crouch_Walk_Bwd_Rifle_Ironsights.uasset" 5
"D:/Projects/Arena/Content/AnimStarterPack/Crouch_Walk_Lt_Rifle_Ironsights.uasset" 6
"D:/Projects/Arena/Content/AnimStarterPack/Crouch_Walk_Rt_Rifle_Ironsights.uasset" 7
"D:/Projects/Arena/Content/AnimStarterPack/Death_1.uasset" 8
"D:/Projects/Arena/Content/AnimStarterPack/Death_2.uasset" 9
"D:/Projects/Arena/Content/AnimStarterPack/Death_3.uasset" 10
"D:/Projects/Arena/Content/AnimStarterPack/Death_Ironsights_1.uasset" 11
"D:/Projects/Arena/Content/AnimStarterPack/Death_Ironsights_2.uasset" 12
"D:/Projects/Arena/Content/AnimStarterPack/Equip_Rifle_Standing.uasset" 13
"D:/Projects/Arena/Content/AnimStarterPack/Fire_Rifle_Hip.uasset" 14
"D:/Projects/Arena/Content/AnimStarterPack/Fire_Shotgun_Hip.uasset" 15
"D:/Projects/Arena/Content/AnimStarterPack/Fire_Shotgun_Ironsights.uasset" 16
"D:/Projects/Arena/Content/AnimStarterPack/Hit_React_4.uasset" 17
"D:/Projects/Arena/Content/AnimStarterPack/Idle_Pistol.uasset" 18
"D:/Projects/Arena/Content/AnimStarterPack/Idle_Rifle_Ironsights.uasset" 19
"D:/Projects/Arena/Content/AnimStarterPack/Jump_From_Stand_Ironsights.uasset" 20
"D:/Projects/Arena/Content/AnimStarterPack/Prone_Death_1.uasset" 21
"D:/Projects/Arena/Content/AnimStarterPack/Prone_Death_2.uasset" 22
"D:/Projects/Arena/Content/AnimStarterPack/Prone_Fire_1.uasset" 23
"D:/Projects/Arena/Content/AnimStarterPack/Prone_Fire_2.uasset" 24
"D:/Projects/Arena/Content/AnimStarterPack/Prone_Idle.uasset" 25
"D:/Projects/Arena/Content/AnimStarterPack/Prone_Reload_Rifle.uasset" 26
"D:/Projects/Arena/Content/AnimStarterPack/Prone_Reload_Shotgun.uasset" 27
"D:/Projects/Arena/Content/AnimStarterPack/Prone_To_Stand.uasset" 28
"D:/Projects/Arena/Content/AnimStarterPack/Reload_Pistol.uasset" 29
"D:/Projects/Arena/Content/AnimStarterPack/Reload_Rifle_Ironsights.uasset" 30
"D:/Projects/Arena/Content/AnimStarterPack/Reload_Shotgun_Hip.uasset" 31
"D:/Projects/Arena/Content/AnimStarterPack/Reload_Shotgun_Ironsights.uasset" 32
"D:/Projects/Arena/Content/AnimStarterPack/Sprint_Fwd_Rifle.uasset" 33
"D:/Projects/Arena/Content/AnimStarterPack/Stand_to_Crouch_Rifle_Hip.uasset" 34
"D:/Projects/Arena/Content/AnimStarterPack/Stand_to_Crouch_Rifle_Ironsights.uasset" 35
"D:/Projects/Arena/Content/AnimStarterPack/Stand_To_Prone.uasset" 36
"D:/Projects/Arena/Content/AnimStarterPack/Walk_Bwd_Rifle_Ironsights.uasset" 37
"D:/Projects/Arena/Content/AnimStarterPack/Walk_Lt_Rifle_Ironsights.uasset" 38
"D:/Projects/Arena/Content/AnimStarterPack/Walk_Rt_Rifle_Ironsights.uasset" 39
"D:/Projects/Arena/Content/FPS_Weapon_Bundle/Weapons/Textures/Patterns/T_Stripes__Pattern.uasset" 40
"D:/Projects/Arena/Content/FPS_Weapon_Bundle/Weapons/Textures/KA74U/T_KA74U_NRM.uasset" 41
"D:/Projects/Arena/Content/FPS_Weapon_Bundle/Weapons/Textures/KA74U/T_KA74U_M_MSK.uasset" 42
"D:/Projects/Arena/Content/FPS_Weapon_Bundle/Weapons/Textures/KA74U/T_KA74U_ALB.uasset" 43
"D:/Projects/Arena/Content/FPS_Weapon_Bundle/Weapons/Materials/Master_Material/M_Weapon_Master_USE.uasset" 44
"D:/Projects/Arena/Content/FPS_Weapon_Bundle/Weapons/Textures/Accessories/T_V_Grip_NRM.uasset" 45
"D:/Projects/Arena/Content/FPS_Weapon_Bundle/Weapons/Textures/Accessories/T_V_Grip_M_MSK.uasset" 46
"D:/Projects/Arena/Content/FPS_Weapon_Bundle/Weapons/Textures/Accessories/T_V_Grip_ALB.uasset" 47
"D:/Projects/Arena/Content/FPS_Weapon_Bundle/Weapons/Materials/Accessories/M_V_Grip.uasset" 48
"D:/Projects/Arena/Content/FPS_Weapon_Bundle/Weapons/Materials/Accessories/M_V_Grip_Green.uasset" 49
"D:/Projects/Arena/Content/FPS_Weapon_Bundle/Weapons/Textures/Patterns/T_Desert_Marpat_Pattern.uasset" 50
"D:/Projects/Arena/Content/FPS_Weapon_Bundle/Weapons/Textures/AR4/T_AR4_NRM.uasset" 51
"D:/Projects/Arena/Content/FPS_Weapon_Bundle/Weapons/Textures/AR4/T_AR4_M_MSK.uasset" 52
"D:/Projects/Arena/Content/FPS_Weapon_Bundle/Weapons/Textures/AR4/T_AR4_ALB.uasset" 53
"D:/Projects/Arena/Content/FPS_Weapon_Bundle/Weapons/Materials/AR4/M_AR4_Pattern.uasset" 54
"D:/Projects/Arena/Content/FPS_Weapon_Bundle/Weapons/Textures/KA47/T_KA47_Gold_M_MSK.uasset" 55
"D:/Projects/Arena/Content/FPS_Weapon_Bundle/Weapons/Textures/KA47/T_KA47_Gold_ALB.uasset" 56
"D:/Projects/Arena/Content/FPS_Weapon_Bundle/Weapons/Textures/KA47/T_KA47_NRM.uasset" 57
"D:/Projects/Arena/Content/FPS_Weapon_Bundle/Weapons/Materials/Ka47/M_KA47_Gold.uasset" 58
"D:/Projects/Arena/Content/FPS_Weapon_Bundle/Weapons/Textures/KA47/T_KA47_M_MSK.uasset" 59
"D:/Projects/Arena/Content/FPS_Weapon_Bundle/Weapons/Textures/KA47/T_KA47_ALB.uasset" 60
"D:/Projects/Arena/Content/FPS_Weapon_Bundle/Weapons/Materials/Ka47/M_KA47.uasset" 61
"D:/Projects/Arena/Content/FPS_Weapon_Bundle/Weapons/Materials/Ka47/M_KA47_Pattern.uasset" 62
"D:/Projects/Arena/Content/FPS_Weapon_Bundle/Weapons/Textures/KA74U/T_KA74U_Gold_M_MSK.uasset" 63
"D:/Projects/Arena/Content/FPS_Weapon_Bundle/Weapons/Textures/KA74U/T_KA74U_Gold_ALB.uasset" 64
"D:/Projects/Arena/Content/FPS_Weapon_Bundle/Weapons/Materials/KA74U/M_KA74U.uasset" 65
"D:/Projects/Arena/Content/FPS_Weapon_Bundle/Weapons/Materials/KA74U/M_KA74U_Gold.uasset" 66
"D:/Projects/Arena/Content/FPS_Weapon_Bundle/Weapons/Textures/Patterns/T_LeafSpray_Pattern.uasset" 67
"D:/Projects/Arena/Content/FPS_Weapon_Bundle/Weapons/Materials/KA74U/M_KA74U_LeafSpray.uasset" 68
"D:/Projects/Arena/Content/FPS_Weapon_Bundle/Weapons/Textures/Patterns/T_Wood_Marpat_Pattern.uasset" 69
"D:/Projects/Arena/Content/FPS_Weapon_Bundle/Weapons/Textures/KA_Val/T_KA_Val_Black_ALB.uasset" 70
"D:/Projects/Arena/Content/FPS_Weapon_Bundle/Weapons/Textures/KA_Val/T_KA_Val_NRM.uasset" 71
"D:/Projects/Arena/Content/FPS_Weapon_Bundle/Weapons/Textures/KA_Val/T_KA_Val_M_MSK.uasset" 72
"D:/Projects/Arena/Content/FPS_Weapon_Bundle/Weapons/Textures/KA_Val/T_KA_Val_ALB.uasset" 73
"D:/Projects/Arena/Content/FPS_Weapon_Bundle/Weapons/Materials/KA_Val/M_KA_Val.uasset" 74
"D:/Projects/Arena/Content/FPS_Weapon_Bundle/Weapons/Materials/KA_Val/M_KA_Val_Black.uasset" 75
"D:/Projects/Arena/Content/FPS_Weapon_Bundle/Weapons/Materials/KA_Val/M_KA_Val_Black_Camo.uasset" 76
"D:/Projects/Arena/Content/FPS_Weapon_Bundle/Weapons/Materials/KA_Val/M_KA_Val_Black_Striped.uasset" 77
"D:/Projects/Arena/Content/FPS_Weapon_Bundle/Weapons/Textures/RDS/T_RDS_02.uasset" 78
"D:/Projects/Arena/Content/FPS_Weapon_Bundle/Weapons/Textures/RDS/T_RDS_01.uasset" 79
"D:/Projects/Arena/Content/FPS_Weapon_Bundle/Weapons/Materials/Master_Material/M_RDS_Master.uasset" 80
"D:/Projects/Arena/Content/FPS_Weapon_Bundle/Weapons/Materials/RDS/M_RDS_01.uasset" 81
"D:/Projects/Arena/Content/FPS_Weapon_Bundle/Weapons/Materials/RDS/M_RDS_02.uasset" 82
"D:/Projects/Arena/Content/FPS_Weapon_Bundle/Weapons/Textures/RDS/T_RDS_03.uasset" 83
"D:/Projects/Arena/Content/FPS_Weapon_Bundle/Weapons/Materials/RDS/M_RDS_03.uasset" 84
"D:/Projects/Arena/Content/FPS_Weapon_Bundle/Weapons/Textures/Patterns/T_Urban_Marpat_Pattern.uasset" 85
"D:/Projects/Arena/Content/FPS_Weapon_Bundle/Weapons/Textures/SMG11/T_SMG11_NRM.uasset" 86
"D:/Projects/Arena/Content/FPS_Weapon_Bundle/Weapons/Textures/SMG11/T_SMG11_M_MSK.uasset" 87
"D:/Projects/Arena/Content/FPS_Weapon_Bundle/Weapons/Textures/SMG11/T_SMG11_ALB.uasset" 88
"D:/Projects/Arena/Content/FPS_Weapon_Bundle/Weapons/Materials/SMG11/M_SMG11.uasset" 89
"D:/Projects/Arena/Content/FPS_Weapon_Bundle/Weapons/Materials/SMG11/M_SMG11_Camo.uasset" 90
"D:/Projects/Arena/Content/FPS_Weapon_Bundle/Weapons/Materials/SMG11/M_SMG11_Color.uasset" 91
"D:/Projects/Arena/Content/FPS_Weapon_Bundle/Weapons/Textures/Accessories/T_Scope_25x56_M_MSK.uasset" 92
"D:/Projects/Arena/Content/FPS_Weapon_Bundle/Weapons/Textures/Accessories/T_Scope_25x56_ALB.uasset" 93
"D:/Projects/Arena/Content/FPS_Weapon_Bundle/Weapons/Textures/Accessories/T_Scope_25x56_NRM.uasset" 94
"D:/Projects/Arena/Content/FPS_Weapon_Bundle/Weapons/Materials/Accessories/M_Scope_25x56.uasset" 95
"D:/Projects/Arena/Content/FPS_Weapon_Bundle/Weapons/Textures/Accessories/T_Scope_25x56_Lens_M_MSK.uasset" 96
"D:/Projects/Arena/Content/FPS_Weapon_Bundle/Weapons/Textures/Accessories/T_Scope_25x56_Lens_ALB.uasset" 97
"D:/Projects/Arena/Content/FPS_Weapon_Bundle/Weapons/Materials/Master_Material/M_Scope_Lens_MASTER.uasset" 98
"D:/Projects/Arena/Content/FPS_Weapon_Bundle/Weapons/Materials/Accessories/M_Scope_25x56_Lens.uasset" 99
"D:/Projects/Arena/Content/FPS_Weapon_Bundle/Weapons/Meshes/Accessories/SM_Scope_25x56_X.uasset" 100
"D:/Projects/Arena/Content/FPS_Weapon_Bundle/Weapons/Meshes/AR4/SK_AR4_X_Skeleton.uasset" 101
"D:/Projects/Arena/Content/FPS_Weapon_Bundle/Weapons/Meshes/AR4/SK_AR4_X_Physics.uasset" 102
"D:/Projects/Arena/Content/FPS_Weapon_Bundle/Weapons/Materials/AR4/M_AR4.uasset" 103
"D:/Projects/Arena/Content/FPS_Weapon_Bundle/Weapons/Textures/Ammunition/T_762x39_NRM.uasset" 104
"D:/Projects/Arena/Content/FPS_Weapon_Bundle/Weapons/Textures/Ammunition/T_762x39_M_MSK.uasset" 105
"D:/Projects/Arena/Content/FPS_Weapon_Bundle/Weapons/Textures/Ammunition/T_762x39_ALB.uasset" 106
"D:/Projects/Arena/Content/FPS_Weapon_Bundle/Weapons/Materials/Ammunition/M_762x39_Empty.uasset" 107
"D:/Projects/Arena/Content/FPS_Weapon_Bundle/Weapons/Meshes/AR4/SK_AR4_X.uasset" 108
"D:/Projects/Arena/Content/FPS_Weapon_Bundle/Weapons/Meshes/AR4/SM_AR4_X.uasset" 109
"D:/Projects/Arena/Content/FPS_Weapon_Bundle/Weapons/Meshes/G67_Grenade/SK_G67_Skeleton.uasset" 110
"D:/Projects/Arena/Content/FPS_Weapon_Bundle/Weapons/Meshes/G67_Grenade/SK_G67_Physics.uasset" 111
"D:/Projects/Arena/Content/FPS_Weapon_Bundle/Weapons/Textures/G67_Grenade/T_G67_NRM.uasset" 112
"D:/Projects/Arena/Content/FPS_Weapon_Bundle/Weapons/Textures/G67_Grenade/T_G67_M_MSK.uasset" 113
"D:/Projects/Arena/Content/FPS_Weapon_Bundle/Weapons/Textures/G67_Grenade/T_G67_ALB.uasset" 114
"D:/Projects/Arena/Content/FPS_Weapon_Bundle/Weapons/Materials/G67_Grenade/M_G67.uasset" 115
"D:/Projects/Arena/Content/FPS_Weapon_Bundle/Weapons/Meshes/G67_Grenade/SK_G67.uasset" 116
"D:/Projects/Arena/Content/FPS_Weapon_Bundle/Weapons/Meshes/G67_Grenade/SM_G67.uasset" 117
"D:/Projects/Arena/Content/FPS_Weapon_Bundle/Weapons/Meshes/G67_Grenade/SM_G67_Thrown.uasset" 118
"D:/Projects/Arena/Content/FPS_Weapon_Bundle/Weapons/Meshes/G67_Grenade/SM_G67_X.uasset" 119
"D:/Projects/Arena/Content/FPS_Weapon_Bundle/Weapons/Meshes/Ka47/SK_KA47_X_Skeleton.uasset" 120
"D:/Projects/Arena/Content/FPS_Weapon_Bundle/Weapons/Meshes/Ka47/SK_KA47_X_Physics.uasset" 121
"D:/Projects/Arena/Content/FPS_Weapon_Bundle/Weapons/Meshes/Ka47/SK_KA47_X.uasset" 122
"D:/Projects/Arena/Content/FPS_Weapon_Bundle/Weapons/Meshes/Ka47/SM_KA47.uasset" 123
"D:/Projects/Arena/Content/FPS_Weapon_Bundle/Weapons/Meshes/Ka47/SM_KA47_X.uasset" 124
"D:/Projects/Arena/Content/FPS_Weapon_Bundle/Weapons/Meshes/KA74U/SK_KA74U_X_Skeleton.uasset" 125
"D:/Projects/Arena/Content/FPS_Weapon_Bundle/Weapons/Meshes/KA74U/SK_KA74U_X_Physics.uasset" 126
"D:/Projects/Arena/Content/FPS_Weapon_Bundle/Weapons/Meshes/KA74U/SK_KA74U_X.uasset" 127
"D:/Projects/Arena/Content/FPS_Weapon_Bundle/Weapons/Meshes/KA74U/SM_KA74U_Mag_Empty_Y.uasset" 128
"D:/Projects/Arena/Content/FPS_Weapon_Bundle/Weapons/Meshes/KA74U/SM_KA74U_Mag_Y.uasset" 129
"D:/Projects/Arena/Content/FPS_Weapon_Bundle/Weapons/Meshes/KA74U/SM_KA74U_X.uasset" 130
"D:/Projects/Arena/Content/FPS_Weapon_Bundle/Weapons/Meshes/KA74U/SM_KA74U_Y.uasset" 131
"D:/Projects/Arena/Content/FPS_Weapon_Bundle/Weapons/Meshes/KA_Val/SK_KA_Val_X_Skeleton.uasset" 132
"D:/Projects/Arena/Content/FPS_Weapon_Bundle/Weapons/Meshes/KA_Val/SK_KA_Val_X_Physics.uasset" 133
"D:/Projects/Arena/Content/FPS_Weapon_Bundle/Weapons/Meshes/KA_Val/SK_KA_Val_X.uasset" 134
"D:/Projects/Arena/Content/FPS_Weapon_Bundle/Weapons/Meshes/KA_Val/SM_KA_Val_Mag_X.uasset" 135
"D:/Projects/Arena/Content/FPS_Weapon_Bundle/Weapons/Meshes/KA_Val/SM_KA_Val_X.uasset" 136
"D:/Projects/Arena/Content/FPS_Weapon_Bundle/Weapons/Meshes/KA_Val/SM_KA_Val_Y.uasset" 137
"D:/Projects/Arena/Content/FPS_Weapon_Bundle/Weapons/Meshes/M9_Knife/SK_M9_Knife_Skeleton.uasset" 138
"D:/Projects/Arena/Content/FPS_Weapon_Bundle/Weapons/Meshes/M9_Knife/SK_M9_Knife_Physics.uasset" 139
"D:/Projects/Arena/Content/FPS_Weapon_Bundle/Weapons/Textures/M9_Knife/T_M9_NRM.uasset" 140
"D:/Projects/Arena/Content/FPS_Weapon_Bundle/Weapons/Textures/M9_Knife/T_M9_M_MSK.uasset" 141
"D:/Projects/Arena/Content/FPS_Weapon_Bundle/Weapons/Textures/M9_Knife/T_M9_ALB.uasset" 142
"D:/Projects/Arena/Content/FPS_Weapon_Bundle/Weapons/Materials/M9_Knife/M_M9_Knife.uasset" 143
"D:/Projects/Arena/Content/FPS_Weapon_Bundle/Weapons/Meshes/M9_Knife/SK_M9_Knife.uasset" 144
"D:/Projects/Arena/Content/FPS_Weapon_Bundle/Weapons/Meshes/M9_Knife/SM_M9_Knife.uasset" 145
"D:/Projects/Arena/Content/FPS_Weapon_Bundle/Weapons/Meshes/M9_Knife/SM_M9_Knife_X.uasset" 146
"D:/Projects/Arena/Content/FPS_Weapon_Bundle/Weapons/Meshes/SMG11/SK_SMG11_Nostock_X_Skeleton.uasset" 147
"D:/Projects/Arena/Content/FPS_Weapon_Bundle/Weapons/Meshes/SMG11/SK_SMG11_Nostock_X_Physics.uasset" 148
"D:/Projects/Arena/Content/FPS_Weapon_Bundle/Weapons/Textures/SMG11/T_SMG11_Rem_NRM.uasset" 149
"D:/Projects/Arena/Content/FPS_Weapon_Bundle/Weapons/Textures/SMG11/T_SMG11_Rem_M_MSK.uasset" 150
"D:/Projects/Arena/Content/FPS_Weapon_Bundle/Weapons/Textures/SMG11/T_SMG11_Rem_ALB.uasset" 151
"D:/Projects/Arena/Content/FPS_Weapon_Bundle/Weapons/Materials/SMG11/M_SMG11_Rem.uasset" 152
"D:/Projects/Arena/Content/FPS_Weapon_Bundle/Weapons/Textures/Ammunition/T_9mm_NRM.uasset" 153
"D:/Projects/Arena/Content/FPS_Weapon_Bundle/Weapons/Textures/Ammunition/T_9mm_M_MSK.uasset" 154
"D:/Projects/Arena/Content/FPS_Weapon_Bundle/Weapons/Textures/Ammunition/T_9mm_ALB.uasset" 155
"D:/Projects/Arena/Content/FPS_Weapon_Bundle/Weapons/Materials/Ammunition/M_9mm.uasset" 156
"D:/Projects/Arena/Content/FPS_Weapon_Bundle/Weapons/Meshes/SMG11/SK_SMG11_Nostock_X.uasset" 157
"D:/Projects/Arena/Content/FPS_Weapon_Bundle/Weapons/Meshes/SMG11/SK_SMG11_X_Skeleton.uasset" 158
"D:/Projects/Arena/Content/FPS_Weapon_Bundle/Weapons/Meshes/SMG11/SK_SMG11_X_Physics.uasset" 159
"D:/Projects/Arena/Content/FPS_Weapon_Bundle/Weapons/Meshes/SMG11/SK_SMG11_X.uasset" 160
"D:/Projects/Arena/Content/FPS_Weapon_Bundle/Weapons/Meshes/SMG11/SM_SMG11_Mag_Empty_Y.uasset" 161
"D:/Projects/Arena/Content/FPS_Weapon_Bundle/Weapons/Meshes/SMG11/SM_SMG11_Nostock_X.uasset" 162
"D:/Projects/Arena/Content/FPS_Weapon_Bundle/Weapons/Meshes/SMG11/SM_SMG11_Nostock_Y.uasset" 163
"D:/Projects/Arena/Content/FPS_Weapon_Bundle/Weapons/Meshes/SMG11/SM_SMG11_X.uasset" 164
"D:/Projects/Arena/Content/FPS_Weapon_Bundle/Weapons/Meshes/SMG11/SM_SMG11_Y.uasset" 165
"D:/Projects/Arena/Content/FPS_Weapon_Bundle/Weapons/Textures/Patterns/T_80s_Pattern.uasset" 166
"D:/Projects/Arena/Content/FPS_Weapon_Bundle/Weapons/Textures/Patterns/T_Chochip_Pattern.uasset" 167
"D:/Projects/Arena/Content/FPS_Weapon_Bundle/Weapons/Textures/Patterns/T_Cracks_Pattern.uasset" 168
"D:/Projects/Arena/Content/FPS_Weapon_Bundle/Weapons/Textures/Patterns/T_Hexagon_Glow_Pattern.uasset" 169
"D:/Projects/Arena/Content/FPS_Weapon_Bundle/Weapons/Textures/Patterns/T_Hexagon_Pattern.uasset" 170
"D:/Projects/Arena/Content/FPS_Weapon_Bundle/Weapons/Textures/Patterns/T_Ink_Pattern.uasset" 171
"D:/Projects/Arena/Content/FPS_Weapon_Bundle/Weapons/Textures/Patterns/T_Net01_Pattern.uasset" 172
"D:/Projects/Arena/Content/FPS_Weapon_Bundle/Weapons/Textures/Patterns/T_W90K_Pattern.uasset" 173
"D:/Projects/Arena/Content/FPS_Weapon_Bundle/Weapons/Textures/Patterns/T_W90_Pattern.uasset" 174
"D:/Projects/Arena/Content/Mannequin/Character/Mesh/UE4_Mannequin_Skeleton.uasset" 175
"D:/Projects/Arena/Content/Mannequin/Animations/ThirdPersonJump_End.uasset" 176
"D:/Projects/Arena/Content/Mannequin/Character/Mesh/SK_Mannequin_Female_PhysicsAsset.uasset" 177
"D:/Projects/Arena/Content/Mannequin/Character/Textures/T_UE4Logo_N.uasset" 178
"D:/Projects/Arena/Content/Mannequin/Character/Textures/T_UE4Logo_Mask.uasset" 179
"D:/Projects/Arena/Content/Mannequin/Character/Textures/T_Male_N.uasset" 180
"D:/Projects/Arena/Content/Mannequin/Character/Textures/T_Male_Mask.uasset" 181
"D:/Projects/Arena/Content/Mannequin/Character/Materials/MaterialLayers/T_ML_Rubber_Blue_01_N.uasset" 182
"D:/Projects/Arena/Content/Mannequin/Character/Materials/MaterialLayers/T_ML_Rubber_Blue_01_D.uasset" 183
"D:/Projects/Arena/Content/Mannequin/Character/Materials/MaterialLayers/T_ML_Aluminum01_N.uasset" 184
"D:/Projects/Arena/Content/Mannequin/Character/Materials/MaterialLayers/T_ML_Aluminum01.uasset" 185
"../../../Engine/Content/Functions/Engine_MaterialFunctions02/Utility/BlendAngleCorrectedNormals.uasset" 186
"../../../Engine/Content/Functions/MaterialLayerFunctions/MatLayerBlend_NormalBlend.uasset" 187
"../../../Engine/Content/Functions/MaterialLayerFunctions/MatLayerBlend_Simple.uasset" 188
"D:/Projects/Arena/Content/Mannequin/Character/Materials/MaterialLayers/ML_SoftMetal_UE4.uasset" 189
"D:/Projects/Arena/Content/Mannequin/Character/Materials/MaterialLayers/ML_Plastic_Shiny_Beige_LOGO.uasset" 190
"D:/Projects/Arena/Content/Mannequin/Character/Materials/MaterialLayers/ML_Plastic_Shiny_Beige.uasset" 191
"D:/Projects/Arena/Content/Mannequin/Character/Materials/MaterialLayers/ML_GlossyBlack_Latex_UE4.uasset" 192
"D:/Projects/Arena/Content/Mannequin/Character/Materials/M_Male_Body.uasset" 193
"D:/Projects/Arena/Content/Mannequin/Character/Materials/M_UE4Man_ChestLogo.uasset" 194
"D:/Projects/Arena/Content/Mannequin/Character/Textures/T_Female_N.uasset" 195
"D:/Projects/Arena/Content/Mannequin/Character/Textures/T_Female_Mask.uasset" 196
"D:/Projects/Arena/Content/Mannequin/Character/Materials/MI_Female_Body.uasset" 197
"D:/Projects/Arena/Content/Mannequin/Character/Mesh/SK_Mannequin_Female.uasset" 198
"D:/Projects/Arena/Content/StarterContent/Materials/M_Basic_Wall.uasset" 199
"D:/Projects/Arena/Content/StarterContent/Architecture/Pillar_50x500.uasset" 200
"D:/Projects/Arena/Content/StarterContent/Architecture/Wall_400x300.uasset" 201
"D:/Projects/Arena/Content/StarterContent/Architecture/Wall_400x400.uasset" 202
"D:/Projects/Arena/Content/StarterContent/Architecture/Wall_500x500.uasset" 203
"D:/Projects/Arena/Content/StarterContent/Architecture/Wall_Door_400x400.uasset" 204
"D:/Projects/Arena/Content/StarterContent/Architecture/Wall_Window_400x400.uasset" 205
"D:/Projects/Arena/Content/StarterContent/Audio/Collapse01.uasset" 206
"D:/Projects/Arena/Content/StarterContent/Audio/Collapse02.uasset" 207
"D:/Projects/Arena/Content/StarterContent/Audio/Explosion01.uasset" 208
"D:/Projects/Arena/Content/StarterContent/Audio/Explosion02.uasset" 209
"D:/Projects/Arena/Content/StarterContent/Audio/Fire01.uasset" 210
"D:/Projects/Arena/Content/StarterContent/Audio/Fire_Sparks01.uasset" 211
"D:/Projects/Arena/Content/StarterContent/Audio/Light01.uasset" 212
"D:/Projects/Arena/Content/StarterContent/Audio/Light01_Cue.uasset" 213
"D:/Projects/Arena/Content/StarterContent/Audio/Light02.uasset" 214
"D:/Projects/Arena/Content/StarterContent/Audio/Light02_Cue.uasset" 215
"D:/Projects/Arena/Content/StarterContent/Audio/Smoke01.uasset" 216
"D:/Projects/Arena/Content/StarterContent/Audio/Starter_Birds01.uasset" 217
"D:/Projects/Arena/Content/StarterContent/Audio/Starter_Music01.uasset" 218
"D:/Projects/Arena/Content/StarterContent/Audio/Starter_Wind05.uasset" 219
"D:/Projects/Arena/Content/StarterContent/Audio/Starter_Wind06.uasset" 220
"D:/Projects/Arena/Content/StarterContent/Audio/Steam01.uasset" 221
"D:/Projects/Arena/Content/StarterContent/Textures/T_Smoke_Tiled_D.uasset" 222
"D:/Projects/Arena/Content/StarterContent/Textures/T_Smoke_SubUV.uasset" 223
"D:/Projects/Arena/Content/StarterContent/Particles/Materials/M_smoke_subUV.uasset" 224
"../../../Engine/Content/Functions/Engine_MaterialFunctions01/Gradient/RadialGradient.uasset" 225
"D:/Projects/Arena/Content/StarterContent/Particles/Materials/M_radial_ramp.uasset" 226
"D:/Projects/Arena/Content/StarterContent/Particles/Materials/m_flare_01.uasset" 227
"D:/Projects/Arena/Content/StarterContent/Textures/T_Explosion_SubUV.uasset" 228
"D:/Projects/Arena/Content/StarterContent/Particles/Materials/M_explosion_subUV.uasset" 229
"D:/Projects/Arena/Content/StarterContent/Textures/T_Burst_M.uasset" 230
"D:/Projects/Arena/Content/StarterContent/Particles/Materials/M_Burst.uasset" 231
"D:/Projects/Arena/Content/StarterContent/Particles/P_Explosion.uasset" 232
"D:/Projects/Arena/Content/StarterContent/Audio/Explosion_Cue.uasset" 233
"D:/Projects/Arena/Content/StarterContent/Blueprints/Blueprint_Effect_Explosion.uasset" 234
"../../../Engine/Content/EditorMeshes/ColorCalibrator/T_ColorGrid.uasset" 235
"D:/Projects/Arena/Content/StarterContent/Materials/M_ColorGrid_LowSpec.uasset" 236
"D:/Projects/Arena/Content/StarterContent/Textures/T_Bush_N.uasset" 237
"D:/Projects/Arena/Content/StarterContent/Textures/T_Bush_D.uasset" 238
"D:/Projects/Arena/Content/StarterContent/Props/Materials/M_Bush.uasset" 239
"D:/Projects/Arena/Content/StarterContent/Props/SM_Bush.uasset" 240
"D:/Projects/Arena/Content/StarterContent/Textures/T_Chair_N.uasset" 241
"D:/Projects/Arena/Content/StarterContent/Textures/T_Chair_M.uasset" 242
"D:/Projects/Arena/Content/StarterContent/Props/Materials/M_Chair.uasset" 243
"D:/Projects/Arena/Content/StarterContent/Props/SM_Couch.uasset" 244
"D:/Projects/Arena/Content/StarterContent/Textures/T_Door_N.uasset" 245
"D:/Projects/Arena/Content/StarterContent/Textures/T_Door_M.uasset" 246
"D:/Projects/Arena/Content/StarterContent/Props/Materials/M_Door.uasset" 247
"D:/Projects/Arena/Content/StarterContent/Materials/M_Glass.uasset" 248
"D:/Projects/Arena/Content/StarterContent/Props/SM_Door.uasset" 249
"D:/Projects/Arena/Content/StarterContent/Props/Materials/M_MaterialSphere_Plain.uasset" 250
"D:/Projects/Arena/Content/StarterContent/Props/Materials/M_MaterialSphere.uasset" 251
"D:/Projects/Arena/Content/StarterContent/Props/SM_MatPreviewMesh_02.uasset" 252
"D:/Projects/Arena/Content/StarterContent/Textures/T_RockMesh_N.uasset" 253
"D:/Projects/Arena/Content/StarterContent/Textures/T_RockMesh_M.uasset" 254
"D:/Projects/Arena/Content/StarterContent/Textures/T_Detail_Rocky_N.uasset" 255
"D:/Projects/Arena/Content/StarterContent/Textures/T_Rock_Basalt_D.uasset" 256
"D:/Projects/Arena/Content/StarterContent/Props/Materials/M_Rock.uasset" 257
"D:/Projects/Arena/Content/StarterContent/Props/SM_Rock.uasset" 258
"D:/Projects/Arena/Content/StarterContent/Textures/T_Shelf_N.uasset" 259
"D:/Projects/Arena/Content/StarterContent/Textures/T_Shelf_M.uasset" 260
"D:/Projects/Arena/Content/StarterContent/Props/Materials/M_Shelf.uasset" 261
"D:/Projects/Arena/Content/StarterContent/Props/SM_Shelf.uasset" 262
"D:/Projects/Arena/Content/StarterContent/Materials/M_Basic_Floor.uasset" 263
"D:/Projects/Arena/Content/StarterContent/Props/SM_Stairs.uasset" 264
"D:/Projects/Arena/Content/StarterContent/Shapes/Shape_Cone.uasset" 265
"D:/Projects/Arena/Content/StarterContent/Shapes/Shape_Cylinder.uasset" 266
"D:/Projects/Arena/Content/StarterContent/Shapes/Shape_NarrowCapsule.uasset" 267
"D:/Projects/Arena/Content/StarterContent/Shapes/Shape_Pipe.uasset" 268
"D:/Projects/Arena/Content/StarterContent/Shapes/Shape_Pipe_180.uasset" 269
"D:/Projects/Arena/Content/StarterContent/Shapes/Shape_Pipe_90.uasset" 270
"D:/Projects/Arena/Content/StarterContent/Shapes/Shape_Plane.uasset" 271
"D:/Projects/Arena/Content/StarterContent/Shapes/Shape_Torus.uasset" 272
"D:/Projects/Arena/Content/StarterContent/Shapes/Shape_Trim.uasset" 273
"D:/Projects/Arena/Content/StarterContent/Shapes/Shape_Trim_90_In.uasset" 274
"D:/Projects/Arena/Content/StarterContent/Shapes/Shape_Trim_90_Out.uasset" 275
"D:/Projects/Arena/Content/StarterContent/Shapes/Shape_TriPyramid.uasset" 276
"D:/Projects/Arena/Content/StarterContent/Shapes/Shape_Tube.uasset" 277
"D:/Projects/Arena/Content/StarterContent/Shapes/Shape_Wedge_A.uasset" 278
"D:/Projects/Arena/Content/StarterContent/Shapes/Shape_Wedge_B.uasset" 279
"D:/Projects/Arena/Content/StarterContent/Shapes/Shape_WideCapsule.uasset" 280
"D:/Projects/Arena/Content/ThirdPersonBP/ThirdPersonOverview.uasset" 281
"D:/Projects/Arena/Content/Mannequin/Character/Mesh/SK_Mannequin_PhysicsAsset.uasset" 282
"D:/Projects/Arena/Content/Mannequin/Character/Mesh/SK_Mannequin.uasset" 283
"../../../Engine/Content/EditorBlueprintResources/StandardMacros.uasset" 284
"D:/Projects/Arena/Content/Mannequin/Animations/ThirdPersonWalk.uasset" 285
"D:/Projects/Arena/Content/Mannequin/Animations/ThirdPersonRun.uasset" 286
"D:/Projects/Arena/Content/Mannequin/Animations/ThirdPersonIdle.uasset" 287
"D:/Projects/Arena/Content/Mannequin/Animations/ThirdPerson_IdleRun_2D.uasset" 288
"D:/Projects/Arena/Content/Mannequin/Animations/ThirdPerson_Jump.uasset" 289
"D:/Projects/Arena/Content/Mannequin/Animations/ThirdPersonJump_Start.uasset" 290
"D:/Projects/Arena/Content/Mannequin/Animations/ThirdPersonJump_Loop.uasset" 291
"D:/Projects/Arena/Content/Mannequin/Animations/ThirdPerson_AnimBP.uasset" 292
"D:/Projects/Arena/Content/ThirdPersonBP/Blueprints/ThirdPersonCharacter.uasset" 293
"D:/Projects/Arena/Content/FPS_Weapon_Bundle/Weapons/Meshes/AR4/SM_AR4.uasset" 294
"D:/Projects/Arena/Content/UI/GameOver.uasset" 295
"D:/Projects/Arena/Content/AnimStarterPack/Crouch_Walk_Bwd_Rifle_Hip.uasset" 296
"D:/Projects/Arena/Content/AnimStarterPack/Crouch_Walk_Fwd_Rifle_Hip.uasset" 297
"D:/Projects/Arena/Content/AnimStarterPack/Crouch_Walk_Lt_Rifle_Hip.uasset" 298
"D:/Projects/Arena/Content/AnimStarterPack/Crouch_Walk_Rt_Rifle_Hip.uasset" 299
"D:/Projects/Arena/Content/AnimStarterPack/BS_CrouchWalk.uasset" 300
"D:/Projects/Arena/Content/AnimStarterPack/Jog_Bwd_Rifle.uasset" 301
"D:/Projects/Arena/Content/AnimStarterPack/Jog_Fwd_Rifle.uasset" 302
"D:/Projects/Arena/Content/AnimStarterPack/Jog_Lt_Rifle.uasset" 303
"D:/Projects/Arena/Content/AnimStarterPack/Jog_Rt_Rifle.uasset" 304
"D:/Projects/Arena/Content/AnimStarterPack/BS_Jog.uasset" 305
"D:/Projects/Arena/Content/AnimStarterPack/Jump_From_Stand.uasset" 306
"D:/Projects/Arena/Content/AnimStarterPack/Jump_From_Jog.uasset" 307
"D:/Projects/Arena/Content/AnimStarterPack/Idle_Rifle_Hip.uasset" 308
"D:/Projects/Arena/Content/AnimStarterPack/Crouch_Idle_Rifle_Hip.uasset" 309
"D:/Projects/Arena/Content/AnimStarterPack/UE4ASP_HeroTPP_AnimBlueprint.uasset" 310
"../../../Engine/Content/Functions/MaterialLayerFunctions/MatLayerBlend_AO.uasset" 311
"D:/Projects/Arena/Content/AnimStarterPack/UE4_Mannequin/Materials/MaterialLayers/T_ML_Rubber_Blue_01_D.uasset" 312
"D:/Projects/Arena/Content/AnimStarterPack/UE4_Mannequin/Materials/MaterialLayers/T_ML_Rubber_Blue_01_N.uasset" 313
"D:/Projects/Arena/Content/AnimStarterPack/UE4_Mannequin/Materials/MaterialLayers/ML_GlossyBlack_Latex_UE4.uasset" 314
"D:/Projects/Arena/Content/AnimStarterPack/UE4_Mannequin/Materials/MaterialLayers/ML_Plastic_Shiny_Beige.uasset" 315
"D:/Projects/Arena/Content/AnimStarterPack/UE4_Mannequin/Textures/UE4_LOGO_CARD.uasset" 316
"D:/Projects/Arena/Content/AnimStarterPack/UE4_Mannequin/Materials/MaterialLayers/ML_Plastic_Shiny_Beige_LOGO.uasset" 317
"D:/Projects/Arena/Content/AnimStarterPack/UE4_Mannequin/Materials/MaterialLayers/T_ML_Aluminum01.uasset" 318
"D:/Projects/Arena/Content/AnimStarterPack/UE4_Mannequin/Materials/MaterialLayers/T_ML_Aluminum01_N.uasset" 319
"D:/Projects/Arena/Content/AnimStarterPack/UE4_Mannequin/Materials/MaterialLayers/ML_SoftMetal_UE4.uasset" 320
"D:/Projects/Arena/Content/AnimStarterPack/UE4_Mannequin/Textures/UE4_Mannequin__normals.uasset" 321
"D:/Projects/Arena/Content/AnimStarterPack/UE4_Mannequin/Textures/UE4_Mannequin_MAT_MASKA.uasset" 322
"D:/Projects/Arena/Content/AnimStarterPack/UE4_Mannequin/Textures/UE4_Mannequin_occlusion_Mobile.uasset" 323
"D:/Projects/Arena/Content/AnimStarterPack/UE4_Mannequin/Materials/M_UE4Man_Body.uasset" 324
"D:/Projects/Arena/Content/AnimStarterPack/UE4_Mannequin/Textures/UE4Man_Logo_N.uasset" 325
"D:/Projects/Arena/Content/AnimStarterPack/UE4_Mannequin/Materials/M_UE4Man_ChestLogo.uasset" 326
"D:/Projects/Arena/Content/AnimStarterPack/UE4_Mannequin/Mesh/SK_Mannequin_PhysicsAsset.uasset" 327
"D:/Projects/Arena/Content/AnimStarterPack/UE4_Mannequin/Mesh/SK_Mannequin.uasset" 328
"D:/Projects/Arena/Content/AnimStarterPack/Ue4ASP_Character.uasset" 329
"D:/Projects/Arena/Content/ThirdPersonBP/Blueprints/ThirdPersonGameMode.uasset" 330
"D:/Projects/Arena/Content/UI/Arena.uasset" 331
"../../../Engine/Content/Animation/DefaultAnimBoneCompressionSettings.uasset" 332
"../../../Engine/Content/Animation/DefaultAnimCurveCompressionSettings.uasset" 333
"../../../Engine/Content/Functions/Engine_MaterialFunctions01/Opacity/CameraDepthFade.uasset" 334
"../../../Engine/Content/EngineMaterials/T_Default_Material_Grid_N.uasset" 335
"../../../Engine/Content/EngineMaterials/T_Default_Material_Grid_M.uasset" 336
"../../../Engine/Content/EngineMaterials/WorldGridMaterial.uasset" 337
"../../../Engine/Content/ArtTools/RenderToTexture/Meshes/S_1_Unit_Plane.uasset" 338
"../../../Engine/Content/EngineMaterials/DefaultMaterial.uasset" 339
"../../../Engine/Content/BasicShapes/Cone.uasset" 340
"../../../Engine/Content/BasicShapes/Plane.uasset" 341
"../../../Engine/Content/BasicShapes/Sphere.uasset" 342
"../../../Engine/Content/EditorLandscapeResources/DataLayer.uasset" 343
"../../../Engine/Content/EditorLandscapeResources/DefaultAlphaTexture.uasset" 344
"../../../Engine/Content/EditorMaterials/MAT_Groups_Toggle.uasset" 345
"../../../Engine/Content/EditorMaterials/MAT_Groups_Visibility.uasset" 346
"../../../Engine/Content/EditorMaterials/PreviewShadowIndicator.uasset" 347
"../../../Engine/Content/EditorMaterials/PreviewShadowIndicatorMaterial.uasset" 348
"../../../Engine/Content/EditorMaterials/MatineeGroups/MAT_ColorTrack.uasset" 349
"../../../Engine/Content/EditorMaterials/MatineeGroups/MAT_Groups_Anim.uasset" 350
"../../../Engine/Content/EditorMaterials/MatineeGroups/MAT_Groups_AudioMaster.uasset" 351
"../../../Engine/Content/EditorMaterials/MatineeGroups/MAT_Groups_Director.uasset" 352
"../../../Engine/Content/EditorMaterials/MatineeGroups/MAT_Groups_Event.uasset" 353
"../../../Engine/Content/EditorMaterials/MatineeGroups/MAT_Groups_Fade.uasset" 354
"../../../Engine/Content/EditorMaterials/MatineeGroups/MAT_Groups_Float.uasset" 355
"../../../Engine/Content/EditorMaterials/MatineeGroups/MAT_Groups_Move.uasset" 356
"../../../Engine/Content/EditorMaterials/MatineeGroups/MAT_Groups_Slomo.uasset" 357
"../../../Engine/Content/EditorMaterials/MatineeGroups/MAT_Groups_Sound.uasset" 358
"../../../Engine/Content/EditorMaterials/MatineeGroups/MAT_Groups_Vector.uasset" 359
"../../../Engine/Content/EditorMaterials/ParticleSystems/PSysThumbnail_NoImage.uasset" 360
"../../../Engine/Content/EditorMaterials/ParticleSystems/PSysThumbnail_OOD.uasset" 361
"../../../Engine/Content/EditorMaterials/Camera/CineMat.uasset" 362
"../../../Engine/Content/EditorMaterials/Camera/MI_CineMat_Rig.uasset" 363
"../../../Engine/Content/EditorMeshes/Camera/SM_CraneRig_Arm.uasset" 364
"../../../Engine/Content/EditorMeshes/Camera/SM_CraneRig_Base.uasset" 365
"../../../Engine/Content/EditorMeshes/Camera/SM_CraneRig_Body.uasset" 366
"../../../Engine/Content/EditorMeshes/Camera/SM_CraneRig_Mount.uasset" 367
"../../../Engine/Content/EditorMeshes/Camera/SM_RailRig_Mount.uasset" 368
"../../../Engine/Content/EditorMeshes/Camera/SM_RailRig_Track.uasset" 369
"../../../Engine/Content/EditorResources/BSPVertex.uasset" 370
"../../../Engine/Content/EditorResources/EmptyActor.uasset" 371
"../../../Engine/Content/EditorResources/S_Actor.uasset" 372
"../../../Engine/Content/EditorResources/S_Note.uasset" 373
"../../../Engine/Content/EditorResources/S_Solver.uasset" 374
"../../../Engine/Content/EditorResources/S_Terrain.uasset" 375
"../../../Engine/Content/EditorResources/S_Trigger.uasset" 376
"../../../Engine/Content/EditorResources/AudioIcons/S_AudioComponent.uasset" 377
"../../../Engine/Content/EditorResources/AudioIcons/S_AudioComponent_AutoActivate.uasset" 378
"../../../Engine/Content/EditorResources/LightIcons/S_LightError.uasset" 379
"../../../Engine/Content/EditorResources/SequenceRecorder/Countdown.uasset" 380
"../../../Engine/Content/EditorResources/SequenceRecorder/RecordingIndicator.uasset" 381
"../../../Engine/Content/EngineDamageTypes/DmgTypeBP_Environmental.uasset" 382
"../../../Engine/Content/EngineDebugMaterials/DebugEditorMaterial.uasset" 383
"../../../Engine/Content/EngineDebugMaterials/DebugMeshMaterial.uasset" 384
"../../../Engine/Content/EngineDebugMaterials/M_SimpleUnlitTranslucent.uasset" 385
"../../../Engine/Content/EngineDebugMaterials/VolumeToRender.uasset" 386
"../../../Engine/Content/Functions/Engine_MaterialFunctions02/Utility/CameraDirectionVector.uasset" 387
"../../../Engine/Content/EngineDebugMaterials/M_VolumeRenderSphereTracePP.uasset" 388
"../../../Engine/Content/Functions/Engine_MaterialFunctions01/Shading/ConvertFromDiffSpec.uasset" 389
"../../../Engine/Content/EngineDebugMaterials/VertexColorMaterial.uasset" 390
"../../../Engine/Content/EngineDebugMaterials/WireframeMaterial.uasset" 391
"../../../Engine/Content/EngineFonts/Faces/RobotoRegular.uasset" 392
"../../../Engine/Content/EngineFonts/Faces/RobotoLight.uasset" 393
"../../../Engine/Content/EngineFonts/Faces/RobotoItalic.uasset" 394
"../../../Engine/Content/EngineFonts/Faces/RobotoBoldItalic.uasset" 395
"../../../Engine/Content/EngineFonts/Faces/RobotoBold.uasset" 396
"../../../Engine/Content/EngineFonts/Faces/DroidSansFallback.uasset" 397
"../../../Engine/Content/EngineFonts/Roboto.uasset" 398
"../../../Engine/Content/EngineMaterials/BaseFlattenNormalMap.uasset" 399
"../../../Engine/Content/EngineMaterials/BaseFlattenGrayscaleMap.uasset" 400
"../../../Engine/Content/EngineMaterials/BaseFlattenEmissiveMap.uasset" 401
"../../../Engine/Content/EngineMaterials/BaseFlattenDiffuseMap.uasset" 402
"../../../Engine/Content/EngineMaterials/BaseFlattenMaterial.uasset" 403
"../../../Engine/Content/EngineMaterials/BlueNoise.uasset" 404
"../../../Engine/Content/EngineMaterials/DefaultBloomKernel.uasset" 405
"../../../Engine/Content/EngineMaterials/DefaultBokeh.uasset" 406
"../../../Engine/Content/EngineMaterials/DefaultDiffuse.uasset" 407
"../../../Engine/Content/EngineMaterials/DefaultDeferredDecalMaterial.uasset" 408
"../../../Engine/Content/EngineMaterials/DefaultLightFunctionMaterial.uasset" 409
"../../../Engine/Content/EngineMaterials/DefaultPhysicalMaterial.uasset" 410
"../../../Engine/Content/Functions/Engine_MaterialFunctions02/Utility/BreakOutFloat2Components.uasset" 411
"../../../Engine/Content/EngineMaterials/DefaultPostProcessMaterial.uasset" 412
"../../../Engine/Content/EngineFonts/RobotoDistanceField.uasset" 413
"../../../Engine/Content/EngineMaterials/DefaultTextMaterialOpaque.uasset" 414
"../../../Engine/Content/EngineMaterials/DefaultWhiteGrid.uasset" 415
"../../../Engine/Content/EngineMaterials/DefaultWhiteGrid_Low.uasset" 416
"../../../Engine/Content/EngineMaterials/EmissiveMeshMaterial.uasset" 417
"../../../Engine/Content/EngineMaterials/GizmoMaterial.uasset" 418
"../../../Engine/Content/EngineMaterials/Good64x64TilingNoiseHighFreq.uasset" 419
"../../../Engine/Content/EngineMaterials/MiniFont.uasset" 420
"../../../Engine/Content/EngineMaterials/InvalidLightmapSettings.uasset" 421
"../../../Engine/Content/EngineMaterials/M_InvalidLightmapSettings.uasset" 422
"../../../Engine/Content/Functions/Engine_MaterialFunctions02/WorldPositionOffset/CameraOffset.uasset" 423
"../../../Engine/Content/EngineMaterials/PhAT_JointLimitMaterial.uasset" 424
"../../../Engine/Content/EngineMaterials/PreintegratedSkinBRDF.uasset" 425
"../../../Engine/Content/EngineMaterials/RemoveSurfaceMaterial.uasset" 426
"../../../Engine/Content/EngineMaterials/WeightMapPlaceholderTexture.uasset" 427
"../../../Engine/Content/EngineResources/WhiteSquareTexture.uasset" 428
"../../../Engine/Content/EngineMaterials/Widget3DPassThrough.uasset" 429
"../../../Engine/Content/EngineMaterials/Widget3DPassThrough_Masked.uasset" 430
"../../../Engine/Content/EngineMaterials/Widget3DPassThrough_Opaque.uasset" 431
"../../../Engine/Content/EngineMaterials/Widget3DPassThrough_Masked_OneSided.uasset" 432
"../../../Engine/Content/EngineMaterials/Widget3DPassThrough_Opaque_OneSided.uasset" 433
"../../../Engine/Content/EngineMaterials/Widget3DPassThrough_Translucent.uasset" 434
"../../../Engine/Content/EngineMaterials/Widget3DPassThrough_Translucent_OneSided.uasset" 435
"../../../Engine/Content/EngineMeshes/Cylinder.uasset" 436
"../../../Engine/Content/EngineMeshes/Sphere.uasset" 437
"../../../Engine/Content/EngineResources/Black.uasset" 438
"../../../Engine/Content/EngineResources/DefaultTextureCube.uasset" 439
"../../../Engine/Content/EngineResources/DefaultVolumeTexture2D.uasset" 440
"../../../Engine/Content/EngineResources/DefaultVolumeTexture.uasset" 441
"../../../Engine/Content/EngineResources/GradientTexture0.uasset" 442
"../../../Engine/Content/EngineSky/VolumetricClouds/T_NoiseShape64.uasset" 443
"../../../Engine/Content/EngineSky/VolumetricClouds/T_VolumeNoiseShape64.uasset" 444
"../../../Engine/Content/EngineSky/VolumetricClouds/T_NoiseErosion.uasset" 445
"../../../Engine/Content/EngineSky/VolumetricClouds/T_VolumeNoiseErosion32.uasset" 446
"../../../Engine/Content/EngineSky/VolumetricClouds/CloudWeatherTexture.uasset" 447
"../../../Engine/Content/EngineSky/VolumetricClouds/CloudGradientTexture.uasset" 448
"../../../Engine/Content/Functions/Engine_MaterialFunctions02/Utility/MakeFloat2.uasset" 449
"../../../Engine/Content/EngineSky/VolumetricClouds/m_SimpleVolumetricCloud.uasset" 450
"../../../Engine/Content/EngineSky/VolumetricClouds/m_SimpleVolumetricCloud_Inst.uasset" 451
"../../../Engine/Content/EngineSounds/Master.uasset" 452
"../../../Engine/Content/Functions/Engine_MaterialFunctions01/Shading/PowerToRoughness.uasset" 453
"../../../Engine/Content/Maps/Templates/Thumbnails/Default.uasset" 454
"../../../Engine/Content/Maps/Templates/Thumbnails/TimeOfDay.uasset" 455
"../../../Engine/Content/Maps/Templates/Thumbnails/VR-Basic.uasset" 456
"../../../Engine/Content/MobileResources/T_MobileControls_texture.uasset" 457
"../../../Engine/Content/MobileResources/T_MobileMenu2.uasset" 458
"../../../Engine/Content/MobileResources/HUD/AnalogHat.uasset" 459
"../../../Engine/Content/MobileResources/HUD/VirtualJoystick_Thumb.uasset" 460
"../../../Engine/Content/MobileResources/HUD/VirtualJoystick_Background.uasset" 461
"../../../Engine/Content/MobileResources/HUD/DefaultVirtualJoysticks.uasset" 462
"../../../Engine/Content/MobileResources/HUD/LeftVirtualJoystickOnly.uasset" 463
"../../../Engine/Content/MobileResources/HUD/MobileHUDButton1_off.uasset" 464
"../../../Engine/Content/MobileResources/HUD/MobileHUDButton1_on.uasset" 465
"../../../Engine/Content/MobileResources/HUD/MobileHUDButton2_off.uasset" 466
"../../../Engine/Content/MobileResources/HUD/MobileHUDButton2_on.uasset" 467
"../../../Engine/Content/MobileResources/HUD/MobileHUDButton3.uasset" 468
"../../../Engine/Content/MobileResources/HUD/MobileHUDButtonFire.uasset" 469
"../../../Engine/Content/MobileResources/HUD/MobileHUDDirectionPad.uasset" 470
"../../../Engine/Content/MobileResources/HUD/MobileHUDDirectionPad2.uasset" 471
"../../../Engine/Content/MobileResources/HUD/MobileHUDDirectionPad3.uasset" 472
"../../../Engine/Content/MobileResources/HUD/MobileHUDDirectionStick.uasset" 473
"../../../Engine/Content/MobileResources/HUD/T_Castle_ThumbstickInner.uasset" 474
"../../../Engine/Content/MobileResources/HUD/T_Castle_ThumbstickOutter.uasset" 475
"../../../Engine/Content/Tutorial/ContentIntroCurve.uasset" 476
"../../../Engine/Content/Tutorial/Basics/LevelEditorAttract.uasset" 477
"../../../Engine/Content/Tutorial/Installation/InstallingVisualStudioTutorial.uasset" 478
"../../../Engine/Content/VREditor/TransformGizmo/TranslucentTransformGizmoMaterial.uasset" 479
"../../../Engine/Content/VREditor/LaserPointer/VR_LaserPower_01.uasset" 480
"../../../Engine/Content/VREditor/TransformGizmo/TransformGizmoMaterial.uasset" 481
"../../../Engine/Content/VREditor/TransformGizmo/BoundingBoxCorner.uasset" 482
"../../../Engine/Content/VREditor/TransformGizmo/BoundingBoxEdge.uasset" 483
"../../../Engine/Content/VREditor/TransformGizmo/PlaneTranslationHandle.uasset" 484
"../../../Engine/Content/VREditor/TransformGizmo/Xray.uasset" 485
"../../../Engine/Content/VREditor/TransformGizmo/Main.uasset" 486
"../../../Engine/Content/VREditor/TransformGizmo/SM_Sequencer_Key.uasset" 487
"../../../Engine/Content/VREditor/TransformGizmo/SM_Sequencer_Node.uasset" 488
"../../Plugins/2D/Paper2D/Content/PlaceholderTextures/DummySpriteTexture.uasset" 489
"../../Plugins/2D/Paper2D/Content/DummySprite.uasset" 490
"../../Plugins/2D/Paper2D/Content/DefaultPaperTerrainMaterial.uasset" 491
"../../Plugins/2D/Paper2D/Content/DefaultSpriteMaterial.uasset" 492
"../../Plugins/2D/Paper2D/Content/MaskedUnlitSpriteMaterial.uasset" 493
"../../Plugins/2D/Paper2D/Content/OpaqueUnlitSpriteMaterial.uasset" 494
"../../../Engine/Content/Functions/Engine_MaterialFunctions02/Utility/BreakOutFloat3Components.uasset" 495
"../../Plugins/Editor/SpeedTreeImporter/Content/SpeedTree9/UnpackInteger3.uasset" 496
"../../Plugins/Editor/SpeedTreeImporter/Content/SpeedTree9/UnpackDirection.uasset" 497
"../../Plugins/Editor/SpeedTreeImporter/Content/SpeedTree9/game_wind_noise.uasset" 498
"../../../Engine/Content/Functions/Engine_MaterialFunctions02/SafeNormalize.uasset" 499
"../../Plugins/Editor/SpeedTreeImporter/Content/SpeedTree9/SpeedTreeWindMotion.uasset" 500
"../../Plugins/Editor/SpeedTreeImporter/Content/SpeedTree9/SpeedTreeBranchMotion.uasset" 501
"../../../Engine/Content/Functions/Engine_MaterialFunctions02/ObjectLocalBounds.uasset" 502
"../../../Engine/Content/Functions/Engine_MaterialFunctions02/UVs/BoundingBoxBased_0-1_UVW.uasset" 503
"../../Plugins/Editor/SpeedTreeImporter/Content/SpeedTree9/SpeedTreeWind.uasset" 504
"../../Plugins/Editor/SpeedTreeImporter/Content/SpeedTree9/SpeedTreeBillboard.uasset" 505
"../../../Engine/Content/EngineResources/DefaultTexture.uasset" 506
"../../Plugins/Editor/SpeedTreeImporter/Content/SpeedTree9/SpeedTreeBillboardMaster.uasset" 507
"../../Plugins/Editor/SpeedTreeImporter/Content/SpeedTree9/SpeedTreeCameraFacing.uasset" 508
"../../Plugins/Editor/SpeedTreeImporter/Content/SpeedTree9/SpeedTreeMaster.uasset" 509
"../../../Engine/Content/BasicShapes/Cylinder.uasset" 510
"../../../Engine/Content/ArtTools/RenderToTexture/Materials/Debug/M_Emissive_Color.uasset" 511
"../../Plugins/Lumin/MagicLeapPassableWorld/Content/MagicLeapARPinInfoActor.uasset" 512
"../../../Engine/Content/Functions/Engine_MaterialFunctions02/Utility/BreakOutFloat4Components.uasset" 513
"../../../Engine/Content/Functions/Engine_MaterialFunctions02/Utility/MakeFloat3.uasset" 514
"../../Plugins/Runtime/Oculus/OculusVR/Content/Materials/OculusMR_ChromaKey.uasset" 515
"../../Plugins/Runtime/Oculus/OculusVR/Content/Materials/OculusMR_OpaqueColoredMaterial.uasset" 516
"../../Plugins/Runtime/Oculus/OculusVR/Content/Materials/PokeAHoleMaterial.uasset" 517
"../../../Engine/Content/EngineSky/T_Sky_Stars.uasset" 518
"../../../Engine/Content/EngineSky/T_Sky_Clouds_M.uasset" 519
"../../../Engine/Content/EngineSky/T_Sky_Blue.uasset" 520
"../../../Engine/Content/TemplateResources/M_Template_Master.uasset" 521
"../../../Engine/Content/TemplateResources/MI_Template_BaseGray_03_Metal.uasset" 522
"../../../Engine/Content/EngineSky/M_Sky_Panning_Clouds2.uasset" 523
"../../../Engine/Content/EngineSky/SM_SkySphere.uasset" 524
"../../../Engine/Content/EngineSky/C_Sky_Zenith_Color.uasset" 525
"../../../Engine/Content/EngineSky/C_Sky_Horizon_Color.uasset" 526
"../../../Engine/Content/EngineSky/C_Sky_Cloud_Color.uasset" 527
"../../../Engine/Content/EngineSky/BP_Sky_Sphere.uasset" 528
"D:/Projects/Arena/Content/AnimStarterPack/Walk_Fwd_Rifle_Ironsights.uasset" 529
"D:/Projects/Arena/Content/AnimStarterPack/Reload_Rifle_Hip.uasset" 530
"D:/Projects/Arena/Content/AnimStarterPack/Idle_Rifle_Hip_Break2.uasset" 531
"D:/Projects/Arena/Content/AnimStarterPack/Idle_Rifle_Hip_Break1.uasset" 532
"D:/Projects/Arena/Content/AnimStarterPack/Hit_React_3.uasset" 533
"D:/Projects/Arena/Content/AnimStarterPack/Hit_React_2.uasset" 534
"D:/Projects/Arena/Content/AnimStarterPack/Hit_React_1.uasset" 535
"D:/Projects/Arena/Content/AnimStarterPack/Fire_Rifle_Ironsights.uasset" 536
"D:/Projects/Arena/Content/AnimStarterPack/Equip_Pistol_Standing.uasset" 537
"D:/Projects/Arena/Content/AnimStarterPack/Crouch_Walk_Fwd_Rifle_Ironsights.uasset" 538
"D:/Projects/Arena/Content/AnimStarterPack/Crouch_Idle_Rifle_Ironsights.uasset" 539
"D:/Projects/Arena/Content/AnimStarterPack/Showcase.umap" 540
"D:/Projects/Arena/Content/FPS_Weapon_Bundle/Weapons/Materials/Accessories/M_Scope_25x56_Lens_NoAlpha.uasset" 541
"D:/Projects/Arena/Content/FPS_Weapon_Bundle/Weapons/Meshes/Accessories/SM_Scope_25x56_Y.uasset" 542
"D:/Projects/Arena/Content/FPS_Weapon_Bundle/Weapons/Textures/Accessories/T_Suppressor5_NRM.uasset" 543
"D:/Projects/Arena/Content/FPS_Weapon_Bundle/Weapons/Textures/Accessories/T_Suppressor5_M_MSK.uasset" 544
"D:/Projects/Arena/Content/FPS_Weapon_Bundle/Weapons/Textures/Accessories/T_Suppressor5_ALB.uasset" 545
"D:/Projects/Arena/Content/FPS_Weapon_Bundle/Weapons/Materials/Accessories/M_Suppressor5.uasset" 546
"D:/Projects/Arena/Content/FPS_Weapon_Bundle/Weapons/Meshes/Accessories/SM_Suppressor5.uasset" 547
"D:/Projects/Arena/Content/FPS_Weapon_Bundle/Weapons/Materials/RDS/M_RDS_Glass.uasset" 548
"D:/Projects/Arena/Content/FPS_Weapon_Bundle/Weapons/Textures/Accessories/T_Tc4_NRM.uasset" 549
"D:/Projects/Arena/Content/FPS_Weapon_Bundle/Weapons/Textures/Accessories/T_Tc4_M_MSK.uasset" 550
"D:/Projects/Arena/Content/FPS_Weapon_Bundle/Weapons/Textures/Accessories/T_Tc4_ALB.uasset" 551
"D:/Projects/Arena/Content/FPS_Weapon_Bundle/Weapons/Materials/Accessories/M_Tc4_Sight.uasset" 552
"D:/Projects/Arena/Content/FPS_Weapon_Bundle/Weapons/Meshes/Accessories/SM_T4_Sight.uasset" 553
"D:/Projects/Arena/Content/FPS_Weapon_Bundle/Weapons/Meshes/Accessories/SM_Vertgrip.uasset" 554
"D:/Projects/Arena/Content/FPS_Weapon_Bundle/Weapons/Textures/Ammunition/T_12Gauge_NRM.uasset" 555
"D:/Projects/Arena/Content/FPS_Weapon_Bundle/Weapons/Textures/Ammunition/T_12Gauge_M_MSK.uasset" 556
"D:/Projects/Arena/Content/FPS_Weapon_Bundle/Weapons/Textures/Ammunition/T_12Gauge_ALB.uasset" 557
"D:/Projects/Arena/Content/FPS_Weapon_Bundle/Weapons/Materials/Ammunition/M_Ammo_12gauge.uasset" 558
"D:/Projects/Arena/Content/FPS_Weapon_Bundle/Weapons/Meshes/Ammunition/SM_Shell_12Gauge_Empty.uasset" 559
"D:/Projects/Arena/Content/FPS_Weapon_Bundle/Weapons/Textures/Ammunition/T_40mm_Grenade_NRM.uasset" 560
"D:/Projects/Arena/Content/FPS_Weapon_Bundle/Weapons/Textures/Ammunition/T_40mm_Grenade_M_MSK.uasset" 561
"D:/Projects/Arena/Content/FPS_Weapon_Bundle/Weapons/Textures/Ammunition/T_40mm_Grenade_ALB.uasset" 562
"D:/Projects/Arena/Content/FPS_Weapon_Bundle/Weapons/Materials/Ammunition/M_40mm_Grenade.uasset" 563
"D:/Projects/Arena/Content/FPS_Weapon_Bundle/Weapons/Meshes/Ammunition/SM_Shell_40mm_G.uasset" 564
"D:/Projects/Arena/Content/FPS_Weapon_Bundle/Weapons/Meshes/Ammunition/SM_Shell_40mm_G_Empty.uasset" 565
"D:/Projects/Arena/Content/FPS_Weapon_Bundle/Weapons/Textures/Ammunition/T_45ap_NRM.uasset" 566
"D:/Projects/Arena/Content/FPS_Weapon_Bundle/Weapons/Textures/Ammunition/T_45ap_M_MSK.uasset" 567
"D:/Projects/Arena/Content/FPS_Weapon_Bundle/Weapons/Textures/Ammunition/T_45ap_ALB.uasset" 568
"D:/Projects/Arena/Content/FPS_Weapon_Bundle/Weapons/Materials/Ammunition/M_45ap.uasset" 569
"D:/Projects/Arena/Content/FPS_Weapon_Bundle/Weapons/Meshes/Ammunition/SM_Shell_45ap.uasset" 570
"D:/Projects/Arena/Content/FPS_Weapon_Bundle/Weapons/Meshes/Ammunition/SM_Shell_45ap_Empty.uasset" 571
"D:/Projects/Arena/Content/FPS_Weapon_Bundle/Weapons/Meshes/Ammunition/SM_Shell_545x39.uasset" 572
"D:/Projects/Arena/Content/FPS_Weapon_Bundle/Weapons/Meshes/Ammunition/SM_Shell_545x39_Empty.uasset" 573
"D:/Projects/Arena/Content/FPS_Weapon_Bundle/Weapons/Meshes/Ammunition/SM_Shell_556x45.uasset" 574
"D:/Projects/Arena/Content/FPS_Weapon_Bundle/Weapons/Meshes/Ammunition/SM_Shell_556x45_Empty.uasset" 575
"D:/Projects/Arena/Content/FPS_Weapon_Bundle/Weapons/Meshes/Ammunition/SM_Shell_762x39.uasset" 576
"D:/Projects/Arena/Content/FPS_Weapon_Bundle/Weapons/Meshes/Ammunition/SM_Shell_762x39_Empty.uasset" 577
"D:/Projects/Arena/Content/FPS_Weapon_Bundle/Weapons/Meshes/Ammunition/SM_Shell_762x51.uasset" 578
"D:/Projects/Arena/Content/FPS_Weapon_Bundle/Weapons/Meshes/Ammunition/SM_Shell_762x51_Empty.uasset" 579
"D:/Projects/Arena/Content/FPS_Weapon_Bundle/Weapons/Meshes/Ammunition/SM_Shell_9mm.uasset" 580
"D:/Projects/Arena/Content/FPS_Weapon_Bundle/Weapons/Meshes/Ammunition/SM_Shell_9mm_Empty.uasset" 581
"D:/Projects/Arena/Content/FPS_Weapon_Bundle/Weapons/Textures/Ammunition/T_9x18_NRM.uasset" 582
"D:/Projects/Arena/Content/FPS_Weapon_Bundle/Weapons/Textures/Ammunition/T_9x18_M_MSK.uasset" 583
"D:/Projects/Arena/Content/FPS_Weapon_Bundle/Weapons/Textures/Ammunition/T_9x18_ALB.uasset" 584
"D:/Projects/Arena/Content/FPS_Weapon_Bundle/Weapons/Materials/Ammunition/M_9x18.uasset" 585
"D:/Projects/Arena/Content/FPS_Weapon_Bundle/Weapons/Meshes/Ammunition/SM_Shell_9x18.uasset" 586
"D:/Projects/Arena/Content/FPS_Weapon_Bundle/Weapons/Meshes/Ammunition/SM_Shell_12Gauge.uasset" 587
"D:/Projects/Arena/Content/FPS_Weapon_Bundle/Weapons/Meshes/AR4/SK_AR4_Skeleton.uasset" 588
"D:/Projects/Arena/Content/FPS_Weapon_Bundle/Weapons/Meshes/AR4/SK_AR4_Physics.uasset" 589
"D:/Projects/Arena/Content/FPS_Weapon_Bundle/Weapons/Meshes/AR4/SK_AR4.uasset" 590
"D:/Projects/Arena/Content/FPS_Weapon_Bundle/Weapons/Meshes/AR4/SM_AR4_Mag.uasset" 591
"D:/Projects/Arena/Content/FPS_Weapon_Bundle/Weapons/Meshes/AR4/SM_AR4_Mag_Empty.uasset" 592
"D:/Projects/Arena/Content/FPS_Weapon_Bundle/Weapons/Meshes/G67_Grenade/SK_G67_X_Skeleton.uasset" 593
"D:/Projects/Arena/Content/FPS_Weapon_Bundle/Weapons/Meshes/G67_Grenade/SK_G67_X_Physics.uasset" 594
"D:/Projects/Arena/Content/FPS_Weapon_Bundle/Weapons/Meshes/G67_Grenade/SK_G67_X.uasset" 595
"D:/Projects/Arena/Content/FPS_Weapon_Bundle/Weapons/Meshes/Ka47/SK_KA47_Skeleton.uasset" 596
"D:/Projects/Arena/Content/FPS_Weapon_Bundle/Weapons/Meshes/Ka47/SK_KA47_Physics.uasset" 597
"D:/Projects/Arena/Content/FPS_Weapon_Bundle/Weapons/Meshes/Ka47/SK_KA47.uasset" 598
"D:/Projects/Arena/Content/FPS_Weapon_Bundle/Weapons/Meshes/Ammunition/SM_Shell_9x18_Empty.uasset" 599
"D:/Projects/Arena/Content/FPS_Weapon_Bundle/Weapons/Meshes/Ka47/SM_KA47_Mag_Empty.uasset" 600
"D:/Projects/Arena/Content/FPS_Weapon_Bundle/Weapons/Meshes/KA74U/SK_KA74U_Y_Skeleton.uasset" 601
"D:/Projects/Arena/Content/FPS_Weapon_Bundle/Weapons/Meshes/KA74U/SK_KA74U_Y_Physics.uasset" 602
"D:/Projects/Arena/Content/FPS_Weapon_Bundle/Weapons/Meshes/KA74U/SK_KA74U_Y.uasset" 603
"D:/Projects/Arena/Content/FPS_Weapon_Bundle/Weapons/Meshes/KA74U/SM_KA74U_Mag_Empty_X.uasset" 604
"D:/Projects/Arena/Content/FPS_Weapon_Bundle/Weapons/Meshes/KA74U/SM_KA74U_Mag_X.uasset" 605
"D:/Projects/Arena/Content/FPS_Weapon_Bundle/Weapons/Meshes/KA_Val/SM_KA_Val_MAG_Loaded_Y.uasset" 606
"D:/Projects/Arena/Content/FPS_Weapon_Bundle/Weapons/Meshes/KA_Val/SM_KA_Val_Mag_Y.uasset" 607
"D:/Projects/Arena/Content/FPS_Weapon_Bundle/Weapons/Meshes/M9_Knife/SK_M9_Knife_X_Skeleton.uasset" 608
"D:/Projects/Arena/Content/FPS_Weapon_Bundle/Weapons/Meshes/M9_Knife/SK_M9_Knife_X_Physics.uasset" 609
"D:/Projects/Arena/Content/FPS_Weapon_Bundle/Weapons/Meshes/M9_Knife/SK_M9_Knife_X.uasset" 610
"D:/Projects/Arena/Content/FPS_Weapon_Bundle/Weapons/Meshes/SMG11/SK_SMG11_Nostock_Y_Skeleton.uasset" 611
"D:/Projects/Arena/Content/FPS_Weapon_Bundle/Weapons/Meshes/SMG11/SK_SMG11_Nostock_Y_Physics.uasset" 612
"D:/Projects/Arena/Content/FPS_Weapon_Bundle/Weapons/Meshes/SMG11/SK_SMG11_Nostock_Y.uasset" 613
"D:/Projects/Arena/Content/FPS_Weapon_Bundle/Weapons/Meshes/SMG11/SK_SMG11_Y_Skeleton.uasset" 614
"D:/Projects/Arena/Content/FPS_Weapon_Bundle/Weapons/Meshes/SMG11/SK_SMG11_Y_Physics.uasset" 615
"D:/Projects/Arena/Content/FPS_Weapon_Bundle/Weapons/Meshes/SMG11/SK_SMG11_Y.uasset" 616
"D:/Projects/Arena/Content/FPS_Weapon_Bundle/Weapons/Meshes/SMG11/SM_SMG11_Mag_Empty_X.uasset" 617
"D:/Projects/Arena/Content/FPS_Weapon_Bundle/Weapons/Meshes/SMG11/SM_SMG11_Mag_X.uasset" 618
"D:/Projects/Arena/Content/FPS_Weapon_Bundle/Weapons/Meshes/KA_Val/SK_KA_Val_Y_Skeleton.uasset" 619
"D:/Projects/Arena/Content/FPS_Weapon_Bundle/Weapons/Meshes/KA_Val/SK_KA_Val_Y_Physics.uasset" 620
"D:/Projects/Arena/Content/FPS_Weapon_Bundle/Weapons/Meshes/KA_Val/SK_KA_Val_Y.uasset" 621
"D:/Projects/Arena/Content/FPS_Weapon_Bundle/Weapons/Meshes/Ka47/SM_KA47_Mag.uasset" 622
"D:/Projects/Arena/Content/FPS_Weapon_Bundle/Maps/Weapons_Showcase.umap" 623
"../../../Engine/Content/EditorMeshes/ColorCalibrator/M_GreyBall.uasset" 624
"../../../Engine/Content/EditorMeshes/ColorCalibrator/Color_checker.uasset" 625
"../../../Engine/Content/EditorMeshes/ColorCalibrator/M_ColorGrid.uasset" 626
"../../../Engine/Content/EditorMeshes/ColorCalibrator/M_ClearCoatBlack.uasset" 627
"../../../Engine/Content/EditorMeshes/ColorCalibrator/M_ClearCoat.uasset" 628
"../../../Engine/Content/EditorMeshes/ColorCalibrator/M_ChromeBall.uasset" 629
"../../../Engine/Content/EditorMeshes/ColorCalibrator/SM_ColorCalibrator.uasset" 630
"D:/Projects/Arena/Content/StarterContent/Maps/Advanced_Lighting_BuiltData.uasset" 631
"D:/Projects/Arena/Content/StarterContent/HDRI/HDRI_Epic_Courtyard_Daylight.uasset" 632
"../../../Engine/Content/MapTemplates/Sky/DaylightAmbientCubemap.uasset" 633
"D:/Projects/Arena/Content/StarterContent/Blueprints/Assets/M_LightStage_Skybox_Master.uasset" 634
"D:/Projects/Arena/Content/StarterContent/Blueprints/Assets/M_LightStage_Skybox_HDRI.uasset" 635
"D:/Projects/Arena/Content/StarterContent/Blueprints/Assets/M_LightStage_Arrows.uasset" 636
"D:/Projects/Arena/Content/StarterContent/Blueprints/Assets/SM_Arrows.uasset" 637
"../../../Engine/Content/EditorMaterials/Thumbnails/SkySphereMaterial.uasset" 638
"D:/Projects/Arena/Content/StarterContent/Blueprints/Assets/Skybox.uasset" 639
"D:/Projects/Arena/Content/StarterContent/Blueprints/Assets/M_LightStage_Skybox_Black.uasset" 640
"D:/Projects/Arena/Content/StarterContent/Blueprints/Assets/SunlightColorLUT.uasset" 641
"D:/Projects/Arena/Content/StarterContent/Blueprints/Assets/FogBrightnessLUT.uasset" 642
"D:/Projects/Arena/Content/StarterContent/Blueprints/BP_LightStudio.uasset" 643
"D:/Projects/Arena/Content/StarterContent/Materials/M_AssetPlatform.uasset" 644
"D:/Projects/Arena/Content/StarterContent/Architecture/SM_AssetPlatform.uasset" 645
"D:/Projects/Arena/Content/StarterContent/Maps/Advanced_Lighting.umap" 646
"D:/Projects/Arena/Content/StarterContent/Textures/T_TableRound_N.uasset" 647
"D:/Projects/Arena/Content/StarterContent/Textures/T_TableRound_M.uasset" 648
"D:/Projects/Arena/Content/StarterContent/Props/Materials/M_TableRound.uasset" 649
"D:/Projects/Arena/Content/StarterContent/Props/SM_TableRound.uasset" 650
"D:/Projects/Arena/Content/StarterContent/Textures/T_Statue_N.uasset" 651
"D:/Projects/Arena/Content/StarterContent/Textures/T_Statue_M.uasset" 652
"D:/Projects/Arena/Content/StarterContent/Props/Materials/M_Statue.uasset" 653
"D:/Projects/Arena/Content/StarterContent/Props/Materials/M_StatueGlass.uasset" 654
"D:/Projects/Arena/Content/StarterContent/Props/SM_Statue.uasset" 655
"D:/Projects/Arena/Content/StarterContent/Props/SM_Chair.uasset" 656
"D:/Projects/Arena/Content/StarterContent/Textures/T_MacroVariation.uasset" 657
"D:/Projects/Arena/Content/StarterContent/Textures/T_Metal_Copper_D.uasset" 658
"D:/Projects/Arena/Content/StarterContent/Textures/T_Metal_Gold_N.uasset" 659
"D:/Projects/Arena/Content/StarterContent/Materials/M_Metal_Copper.uasset" 660
"D:/Projects/Arena/Content/StarterContent/Textures/T_Metal_Aluminum_D.uasset" 661
"D:/Projects/Arena/Content/StarterContent/Materials/M_Metal_Burnished_Steel.uasset" 662
"D:/Projects/Arena/Content/StarterContent/Materials/M_Metal_Brushed_Nickel.uasset" 663
"D:/Projects/Arena/Content/StarterContent/Maps/Minimal_Default_BuiltData.uasset" 664
"D:/Projects/Arena/Content/StarterContent/Audio/Starter_Background_Cue.uasset" 665
"D:/Projects/Arena/Content/StarterContent/Architecture/Floor_400x400.uasset" 666
"D:/Projects/Arena/Content/StarterContent/Maps/Minimal_Default.umap" 667
"D:/Projects/Arena/Content/StarterContent/Shapes/Shape_Sphere.uasset" 668
"D:/Projects/Arena/Content/StarterContent/Shapes/Shape_QuadPyramid.uasset" 669
"D:/Projects/Arena/Content/StarterContent/Shapes/Shape_Cube.uasset" 670
"D:/Projects/Arena/Content/StarterContent/Textures/T_Frame_N.uasset" 671
"D:/Projects/Arena/Content/StarterContent/Textures/T_Frame_M.uasset" 672
"D:/Projects/Arena/Content/StarterContent/Props/Materials/M_Frame.uasset" 673
"D:/Projects/Arena/Content/StarterContent/Props/SM_WindowFrame.uasset" 674
"D:/Projects/Arena/Content/StarterContent/Props/SM_PillarFrame300.uasset" 675
"D:/Projects/Arena/Content/StarterContent/Props/SM_PillarFrame.uasset" 676
"D:/Projects/Arena/Content/StarterContent/Props/SM_GlassWindow.uasset" 677
"D:/Projects/Arena/Content/StarterContent/Props/SM_DoorFrame.uasset" 678
"D:/Projects/Arena/Content/StarterContent/Props/SM_CornerFrame.uasset" 679
"D:/Projects/Arena/Content/StarterContent/Props/MaterialSphere.uasset" 680
"D:/Projects/Arena/Content/StarterContent/Textures/T_Dust_Particle_D.uasset" 681
"D:/Projects/Arena/Content/StarterContent/Particles/Materials/M_Dust_Particle.uasset" 682
"D:/Projects/Arena/Content/StarterContent/Particles/P_Ambient_Dust.uasset" 683
"D:/Projects/Arena/Content/StarterContent/Textures/T_Wood_Walnut_N.uasset" 684
"D:/Projects/Arena/Content/StarterContent/Textures/T_Wood_Walnut_D.uasset" 685
"D:/Projects/Arena/Content/StarterContent/Materials/M_Wood_Walnut.uasset" 686
"D:/Projects/Arena/Content/StarterContent/Textures/T_Perlin_Noise_M.uasset" 687
"D:/Projects/Arena/Content/StarterContent/Textures/T_Wood_Pine_N.uasset" 688
"D:/Projects/Arena/Content/StarterContent/Textures/T_Wood_Pine_D.uasset" 689
"D:/Projects/Arena/Content/StarterContent/Materials/M_Wood_Pine.uasset" 690
"D:/Projects/Arena/Content/StarterContent/Textures/T_Wood_Oak_N.uasset" 691
"D:/Projects/Arena/Content/StarterContent/Textures/T_Wood_Oak_D.uasset" 692
"D:/Projects/Arena/Content/StarterContent/Materials/M_Wood_Oak.uasset" 693
"../../../Engine/Content/Functions/Engine_MaterialFunctions01/Opacity/AlphaOffset.uasset" 694
"D:/Projects/Arena/Content/StarterContent/Textures/T_Wood_Floor_Walnut_N.uasset" 695
"D:/Projects/Arena/Content/StarterContent/Textures/T_Wood_Floor_Walnut_M.uasset" 696
"D:/Projects/Arena/Content/StarterContent/Textures/T_Wood_Floor_Walnut_D.uasset" 697
"D:/Projects/Arena/Content/StarterContent/Materials/M_Wood_Floor_Walnut_Worn.uasset" 698
"D:/Projects/Arena/Content/StarterContent/Materials/M_Wood_Floor_Walnut_Polished.uasset" 699
"D:/Projects/Arena/Content/StarterContent/Textures/T_Water_M.uasset" 700
"D:/Projects/Arena/Content/StarterContent/Textures/T_Water_N.uasset" 701
"D:/Projects/Arena/Content/StarterContent/Materials/M_Water_Ocean.uasset" 702
"D:/Projects/Arena/Content/StarterContent/Materials/M_Water_Lake.uasset" 703
"D:/Projects/Arena/Content/StarterContent/Textures/T_Tech_Panel_N.uasset" 704
"D:/Projects/Arena/Content/StarterContent/Textures/T_Tech_Panel_M.uasset" 705
"D:/Projects/Arena/Content/StarterContent/Textures/T_Metal_Steel_D.uasset" 706
"D:/Projects/Arena/Content/StarterContent/Materials/M_Tech_Panel.uasset" 707
"D:/Projects/Arena/Content/StarterContent/Textures/T_Tech_Hex_Tile_N.uasset" 708
"D:/Projects/Arena/Content/StarterContent/Textures/T_Tech_Hex_Tile_M.uasset" 709
"D:/Projects/Arena/Content/StarterContent/Materials/M_Tech_Hex_Tile_Pulse.uasset" 710
"D:/Projects/Arena/Content/StarterContent/Materials/M_Tech_Hex_Tile.uasset" 711
"D:/Projects/Arena/Content/StarterContent/Textures/T_Tech_Dot_N.uasset" 712
"D:/Projects/Arena/Content/StarterContent/Textures/T_Tech_Dot_M.uasset" 713
"D:/Projects/Arena/Content/StarterContent/Textures/T_Single_Tile_N.uasset" 714
"D:/Projects/Arena/Content/StarterContent/Textures/T_Checker_Noise_M.uasset" 715
"D:/Projects/Arena/Content/StarterContent/Materials/M_Tech_Checker_Dot.uasset" 716
"D:/Projects/Arena/Content/StarterContent/Textures/T_Rock_Slate_N.uasset" 717
"D:/Projects/Arena/Content/StarterContent/Textures/T_Rock_Slate_D.uasset" 718
"D:/Projects/Arena/Content/StarterContent/Materials/M_Rock_Slate.uasset" 719
"D:/Projects/Arena/Content/StarterContent/Textures/T_Rock_Sandstone_N.uasset" 720
"D:/Projects/Arena/Content/StarterContent/Textures/T_Rock_Sandstone_D.uasset" 721
"D:/Projects/Arena/Content/StarterContent/Materials/M_Rock_Sandstone.uasset" 722
"D:/Projects/Arena/Content/StarterContent/Textures/T_Rock_Marble_Polished_D.uasset" 723
"D:/Projects/Arena/Content/StarterContent/Materials/M_Rock_Marble_Polished.uasset" 724
"D:/Projects/Arena/Content/StarterContent/Textures/T_Rock_Basalt_N.uasset" 725
"D:/Projects/Arena/Content/StarterContent/Materials/M_Rock_Basalt.uasset" 726
"D:/Projects/Arena/Content/StarterContent/Textures/T_Metal_Steel_N.uasset" 727
"D:/Projects/Arena/Content/StarterContent/Materials/M_Metal_Steel.uasset" 728
"D:/Projects/Arena/Content/StarterContent/Textures/T_Metal_Rust_N.uasset" 729
"D:/Projects/Arena/Content/StarterContent/Textures/T_Metal_Rust_D.uasset" 730
"D:/Projects/Arena/Content/StarterContent/Materials/M_Metal_Rust.uasset" 731
"D:/Projects/Arena/Content/StarterContent/Textures/T_Metal_Gold_D.uasset" 732
"D:/Projects/Arena/Content/StarterContent/Materials/M_Metal_Gold.uasset" 733
"D:/Projects/Arena/Content/StarterContent/Materials/M_Metal_Chrome.uasset" 734
"D:/Projects/Arena/Content/StarterContent/Textures/T_Ground_Moss_N.uasset" 735
"D:/Projects/Arena/Content/StarterContent/Textures/T_ground_Moss_D.uasset" 736
"D:/Projects/Arena/Content/StarterContent/Materials/M_Ground_Moss.uasset" 737
"D:/Projects/Arena/Content/StarterContent/Textures/T_Ground_Gravel_N.uasset" 738
"D:/Projects/Arena/Content/StarterContent/Textures/T_Ground_Gravel_D.uasset" 739
"D:/Projects/Arena/Content/StarterContent/Materials/M_Ground_Gravel.uasset" 740
"D:/Projects/Arena/Content/StarterContent/Textures/T_Ground_Grass_N.uasset" 741
"D:/Projects/Arena/Content/StarterContent/Textures/T_Ground_Grass_D.uasset" 742
"D:/Projects/Arena/Content/StarterContent/Materials/M_Ground_Grass.uasset" 743
"D:/Projects/Arena/Content/StarterContent/Textures/T_Concrete_Tiles_Variation_M.uasset" 744
"D:/Projects/Arena/Content/StarterContent/Textures/T_Concrete_Tiles_N.uasset" 745
"D:/Projects/Arena/Content/StarterContent/Textures/T_Concrete_Tiles_M.uasset" 746
"D:/Projects/Arena/Content/StarterContent/Textures/T_Concrete_Tiles_D.uasset" 747
"D:/Projects/Arena/Content/StarterContent/Materials/M_Concrete_Tiles.uasset" 748
"D:/Projects/Arena/Content/StarterContent/Textures/T_Concrete_Poured_N.uasset" 749
"D:/Projects/Arena/Content/StarterContent/Textures/T_Concrete_Poured_D.uasset" 750
"D:/Projects/Arena/Content/StarterContent/Materials/M_Concrete_Poured.uasset" 751
"D:/Projects/Arena/Content/StarterContent/Textures/T_Concrete_Panels_N.uasset" 752
"D:/Projects/Arena/Content/StarterContent/Textures/T_Concrete_Panels_D.uasset" 753
"D:/Projects/Arena/Content/StarterContent/Materials/M_Concrete_Panels.uasset" 754
"D:/Projects/Arena/Content/StarterContent/Textures/T_Concrete_Grime_D.uasset" 755
"D:/Projects/Arena/Content/StarterContent/Materials/M_Concrete_Grime.uasset" 756
"D:/Projects/Arena/Content/StarterContent/Textures/T_CobbleStone_Smooth_N.uasset" 757
"D:/Projects/Arena/Content/StarterContent/Textures/T_CobbleStone_Smooth_M.uasset" 758
"D:/Projects/Arena/Content/StarterContent/Textures/T_CobbleStone_Smooth_D.uasset" 759
"D:/Projects/Arena/Content/StarterContent/Textures/T_Rock_Smooth_Granite_D.uasset" 760
"D:/Projects/Arena/Content/StarterContent/Textures/T_Gradinet_01.uasset" 761
"D:/Projects/Arena/Content/StarterContent/Materials/M_CobbleStone_Smooth.uasset" 762
"D:/Projects/Arena/Content/StarterContent/Textures/T_CobbleStone_Rough_N.uasset" 763
"D:/Projects/Arena/Content/StarterContent/Textures/T_CobbleStone_Rough_D.uasset" 764
"D:/Projects/Arena/Content/StarterContent/Materials/M_CobbleStone_Rough.uasset" 765
"D:/Projects/Arena/Content/StarterContent/Textures/T_CobbleStone_Pebble_N.uasset" 766
"D:/Projects/Arena/Content/StarterContent/Textures/T_CobbleStone_Pebble_M.uasset" 767
"D:/Projects/Arena/Content/StarterContent/Textures/T_CobbleStone_Pebble_D.uasset" 768
"D:/Projects/Arena/Content/StarterContent/Materials/M_CobbleStone_Pebble.uasset" 769
"D:/Projects/Arena/Content/StarterContent/Textures/T_Ceramic_Tile_N.uasset" 770
"D:/Projects/Arena/Content/StarterContent/Textures/T_Ceramic_Tile_M.uasset" 771
"D:/Projects/Arena/Content/StarterContent/Materials/M_Ceramic_Tile_Checker.uasset" 772
"D:/Projects/Arena/Content/StarterContent/Textures/T_Brick_Hewn_Stone_N.uasset" 773
"D:/Projects/Arena/Content/StarterContent/Textures/T_Brick_Hewn_Stone_M.uasset" 774
"D:/Projects/Arena/Content/StarterContent/Textures/T_Brick_Hewn_Stone_D.uasset" 775
"D:/Projects/Arena/Content/StarterContent/Materials/M_Brick_Hewn_Stone.uasset" 776
"D:/Projects/Arena/Content/StarterContent/Textures/T_Brick_Cut_Stone_N.uasset" 777
"D:/Projects/Arena/Content/StarterContent/Textures/T_Brick_Cut_Stone_D.uasset" 778
"D:/Projects/Arena/Content/StarterContent/Materials/M_Brick_Cut_Stone.uasset" 779
"D:/Projects/Arena/Content/StarterContent/Textures/T_Brick_Clay_Old_N.uasset" 780
"D:/Projects/Arena/Content/StarterContent/Textures/T_Brick_Clay_Old_D.uasset" 781
"D:/Projects/Arena/Content/StarterContent/Materials/M_Brick_Clay_Old.uasset" 782
"D:/Projects/Arena/Content/StarterContent/Textures/T_Brick_Clay_New_N.uasset" 783
"D:/Projects/Arena/Content/StarterContent/Textures/T_Brick_Clay_New_M.uasset" 784
"D:/Projects/Arena/Content/StarterContent/Textures/T_Brick_Clay_New_D.uasset" 785
"D:/Projects/Arena/Content/StarterContent/Materials/M_Brick_Clay_New.uasset" 786
"D:/Projects/Arena/Content/StarterContent/Textures/T_Brick_Clay_Beveled_N.uasset" 787
"D:/Projects/Arena/Content/StarterContent/Textures/T_Brick_Clay_Beveled_M.uasset" 788
"D:/Projects/Arena/Content/StarterContent/Textures/T_Brick_Clay_Beveled_D.uasset" 789
"D:/Projects/Arena/Content/StarterContent/Materials/M_Brick_Clay_Beveled.uasset" 790
"../../../Engine/Content/Functions/Engine_MaterialFunctions03/Procedurals/ComputeFilterWidth.uasset" 791
"../../../Engine/Content/EngineMaterials/AntiAliasedTextMaterialTranslucent.uasset" 792
"D:/Projects/Arena/Content/StarterContent/Maps/StarterMap_BuiltData.uasset" 793
"D:/Projects/Arena/Content/StarterContent/Textures/T_Lamp_N.uasset" 794
"D:/Projects/Arena/Content/StarterContent/Textures/T_Lamp_M.uasset" 795
"D:/Projects/Arena/Content/StarterContent/Props/Materials/M_Lamp.uasset" 796
"D:/Projects/Arena/Content/StarterContent/Props/SM_Lamp_Wall.uasset" 797
"D:/Projects/Arena/Content/StarterContent/Blueprints/Blueprint_WallSconce.uasset" 798
"D:/Projects/Arena/Content/StarterContent/Particles/P_Steam_Lit.uasset" 799
"D:/Projects/Arena/Content/StarterContent/Audio/Steam01_Cue.uasset" 800
"D:/Projects/Arena/Content/StarterContent/Blueprints/Blueprint_Effect_Steam.uasset" 801
"D:/Projects/Arena/Content/StarterContent/Textures/T_Spark_Core.uasset" 802
"D:/Projects/Arena/Content/StarterContent/Particles/Materials/M_Spark.uasset" 803
"D:/Projects/Arena/Content/StarterContent/Particles/Materials/M_Radial_Gradient.uasset" 804
"D:/Projects/Arena/Content/StarterContent/Particles/P_Sparks.uasset" 805
"D:/Projects/Arena/Content/StarterContent/Audio/Fire_Sparks01_Cue.uasset" 806
"D:/Projects/Arena/Content/StarterContent/Blueprints/Blueprint_Effect_Sparks.uasset" 807
"D:/Projects/Arena/Content/StarterContent/Particles/P_Smoke.uasset" 808
"D:/Projects/Arena/Content/StarterContent/Audio/Smoke01_Cue.uasset" 809
"D:/Projects/Arena/Content/StarterContent/Blueprints/Blueprint_Effect_Smoke.uasset" 810
"D:/Projects/Arena/Content/StarterContent/Particles/Materials/M_Heat_Distortion.uasset" 811
"D:/Projects/Arena/Content/StarterContent/Textures/T_Fire_Tiled_D.uasset" 812
"D:/Projects/Arena/Content/StarterContent/Textures/T_Fire_SubUV.uasset" 813
"D:/Projects/Arena/Content/StarterContent/Particles/Materials/M_Fire_SubUV.uasset" 814
"D:/Projects/Arena/Content/StarterContent/Particles/P_Fire.uasset" 815
"D:/Projects/Arena/Content/StarterContent/Audio/Fire01_Cue.uasset" 816
"D:/Projects/Arena/Content/StarterContent/Blueprints/Blueprint_Effect_Fire.uasset" 817
"D:/Projects/Arena/Content/StarterContent/Props/SM_Lamp_Ceiling.uasset" 818
"D:/Projects/Arena/Content/StarterContent/Blueprints/Blueprint_CeilingLight.uasset" 819
"D:/Projects/Arena/Content/StarterContent/Audio/Starter_Music_Cue.uasset" 820
"D:/Projects/Arena/Content/StarterContent/Audio/Collapse_Cue.uasset" 821
"D:/Projects/Arena/Content/StarterContent/Architecture/Wall_Window_400x300.uasset" 822
"D:/Projects/Arena/Content/StarterContent/Architecture/Wall_Door_400x300.uasset" 823
"D:/Projects/Arena/Content/StarterContent/Architecture/Wall_400x200.uasset" 824
"D:/Projects/Arena/Content/StarterContent/Maps/StarterMap.umap" 825
"D:/Projects/Arena/Content/UI/crosshair.uasset" 826
"D:/Projects/Arena/Content/UI/hud.uasset" 827
"../../../Engine/Content/BasicShapes/Cube.uasset" 828
"../../../Engine/Content/BasicShapes/BasicShapeMaterial.uasset" 829
"D:/Projects/Arena/Content/Map/Level1_BuiltData.uasset" 830
"D:/Projects/Arena/Content/Map/Level1.umap" 831
"D:/Projects/Arena/Content/MainGameInstance.uasset" 832
"D:/Projects/Arena/Content/UI/Start_Menu.uasset" 833
"D:/Projects/Arena/Content/Map/MainMenu.umap" 834
"D:/Projects/Arena/Content/ThirdPersonBP/Maps/ThirdPersonExampleMap_BuiltData.uasset" 835
"D:/Projects/Arena/Content/ThirdPerson/Meshes/RampMaterial.uasset" 836
"D:/Projects/Arena/Content/ThirdPerson/Meshes/RightArm_StaticMesh.uasset" 837
"D:/Projects/Arena/Content/ThirdPerson/Meshes/Ramp_StaticMesh.uasset" 838
"D:/Projects/Arena/Content/ThirdPerson/Meshes/Linear_Stair_StaticMesh.uasset" 839
"D:/Projects/Arena/Content/ThirdPerson/Meshes/LeftArm_StaticMesh.uasset" 840
"D:/Projects/Arena/Content/ThirdPerson/Meshes/Bump_StaticMesh.uasset" 841
"D:/Projects/Arena/Content/Geometry/Meshes/CubeMaterial.uasset" 842
"D:/Projects/Arena/Content/Geometry/Meshes/TemplateFloor.uasset" 843
"D:/Projects/Arena/Content/Geometry/Meshes/1M_Cube_Chamfer.uasset" 844
"D:/Projects/Arena/Content/Geometry/Meshes/1M_Cube.uasset" 845
"D:/Projects/Arena/Content/ThirdPersonBP/Maps/ThirdPersonExampleMap.umap" 846
"../../../Engine/Content/Maps/Entry_BuiltData.uasset" 847
"../../../Engine/Content/Maps/Entry.umap" 848
